<?xml version="1.0" encoding="utf-8"?><testsuites><testsuite name="pytest" errors="0" failures="0" skipped="0" tests="3" time="1.781" timestamp="2024-09-30T06:43:56.174717+00:00" hostname="0c5972b59d08"><testcase classname="tests.test_prediction" name="test_single_pred_not_none" time="0.033" /><testcase classname="tests.test_prediction" name="test_single_pred_str_type" time="0.030" /><testcase classname="tests.test_prediction" name="test_single_pred_validate" time="0.027" /></testsuite></testsuites>